<?xml version="1.0" encoding="UTF-8"?>
<!-- Generated by org.testng.reporters.JUnitReportReporter -->
<testsuite skipped="0" hostname="Infva05834" name="testCases.ExecuteTest" tests="2" failures="0" timestamp="05 Oct 2018 06:15:20 GMT" time="8.776" errors="0">
  <testcase name="TestExecute" time="7.527" classname="testCases.ExecuteTest"/>
  <testcase name="TestExecute" time="1.249" classname="testCases.ExecuteTest"/>
</testsuite> <!-- testCases.ExecuteTest -->
