<?xml version="1.0" encoding="UTF-8"?>
<!-- Generated by org.testng.reporters.JUnitReportReporter -->
<testsuite skipped="0" hostname="Infva05834" name="testCases.ExecuteTest" tests="3" failures="0" timestamp="05 Oct 2018 08:48:31 GMT" time="12.917" errors="0">
  <testcase name="TestExecute" time="1.623" classname="testCases.ExecuteTest"/>
  <testcase name="TestExecute" time="3.309" classname="testCases.ExecuteTest"/>
  <testcase name="TestExecute" time="7.985" classname="testCases.ExecuteTest"/>
</testsuite> <!-- testCases.ExecuteTest -->
